0 info it worked if it ends with ok
1 verbose cli [ '/Users/chriskirkley/n/bin/node',
1 verbose cli   '/Users/chriskirkley/n/bin/npm',
1 verbose cli   'run',
1 verbose cli   'dev' ]
2 info using npm@4.0.2
3 info using node@v6.9.1
4 verbose run-script [ 'predev', 'dev', 'postdev' ]
5 info lifecycle react-boilerplate@1.0.0~predev: react-boilerplate@1.0.0
6 silly lifecycle react-boilerplate@1.0.0~predev: no script for predev, continuing
7 info lifecycle react-boilerplate@1.0.0~dev: react-boilerplate@1.0.0
8 verbose lifecycle react-boilerplate@1.0.0~dev: unsafe-perm in lifecycle true
9 verbose lifecycle react-boilerplate@1.0.0~dev: PATH: /Users/chriskirkley/n/lib/node_modules/npm/bin/node-gyp-bin:/Users/chriskirkley/repos/react-boilerplate/node_modules/.bin:/Users/chriskirkley/dev/google-cloud-sdk/bin:/Users/chriskirkley/maven/bin:/Users/chriskirkley/.npm-global/bin:/usr/local/bin:/usr/local/sbin:/Users/chriskirkley/bin:/usr/local/bin:/usr/local/sbin:/usr/bin:/bin:/usr/sbin:/sbin:/Users/chriskirkley/n/bin
10 verbose lifecycle react-boilerplate@1.0.0~dev: CWD: /Users/chriskirkley/repos/react-boilerplate
11 silly lifecycle react-boilerplate@1.0.0~dev: Args: [ '-c',
11 silly lifecycle   'node -r dotenv/config dotenv_config_path=local.env && npm run watch && nodemon app/server' ]
12 silly lifecycle react-boilerplate@1.0.0~dev: Returned: code: 1  signal: null
13 info lifecycle react-boilerplate@1.0.0~dev: Failed to exec dev script
14 verbose stack Error: react-boilerplate@1.0.0 dev: `node -r dotenv/config dotenv_config_path=local.env && npm run watch && nodemon app/server`
14 verbose stack Exit status 1
14 verbose stack     at EventEmitter.<anonymous> (/Users/chriskirkley/n/lib/node_modules/npm/lib/utils/lifecycle.js:279:16)
14 verbose stack     at emitTwo (events.js:106:13)
14 verbose stack     at EventEmitter.emit (events.js:191:7)
14 verbose stack     at ChildProcess.<anonymous> (/Users/chriskirkley/n/lib/node_modules/npm/lib/utils/spawn.js:40:14)
14 verbose stack     at emitTwo (events.js:106:13)
14 verbose stack     at ChildProcess.emit (events.js:191:7)
14 verbose stack     at maybeClose (internal/child_process.js:877:16)
14 verbose stack     at Process.ChildProcess._handle.onexit (internal/child_process.js:226:5)
15 verbose pkgid react-boilerplate@1.0.0
16 verbose cwd /Users/chriskirkley/repos/react-boilerplate
17 error Darwin 15.0.0
18 error argv "/Users/chriskirkley/n/bin/node" "/Users/chriskirkley/n/bin/npm" "run" "dev"
19 error node v6.9.1
20 error npm  v4.0.2
21 error code ELIFECYCLE
22 error react-boilerplate@1.0.0 dev: `node -r dotenv/config dotenv_config_path=local.env && npm run watch && nodemon app/server`
22 error Exit status 1
23 error Failed at the react-boilerplate@1.0.0 dev script 'node -r dotenv/config dotenv_config_path=local.env && npm run watch && nodemon app/server'.
23 error Make sure you have the latest version of node.js and npm installed.
23 error If you do, this is most likely a problem with the react-boilerplate package,
23 error not with npm itself.
23 error Tell the author that this fails on your system:
23 error     node -r dotenv/config dotenv_config_path=local.env && npm run watch && nodemon app/server
23 error You can get information on how to open an issue for this project with:
23 error     npm bugs react-boilerplate
23 error Or if that isn't available, you can get their info via:
23 error     npm owner ls react-boilerplate
23 error There is likely additional logging output above.
24 verbose exit [ 1, true ]
